12-07-31 12:56:50 === SetDisplayManager is starting. ====== 
12-07-31 12:56:50 WindowsFolder = C:\windows
12-07-31 12:56:50 SourceFolder = C:\SYSPREP\BASW-00093A44\
12-07-31 12:56:50 DT selected
12-07-31 12:56:50 OSMode = Audit Mode
12-07-31 12:56:50 SetDisplayResolution is not installed
12-07-31 12:56:50 Install SetDisplayResolution
12-07-31 12:56:50 SetDisplayManager is closing..
12-07-31 13:23:02 === SetDisplayManager is starting. ====== 
12-07-31 13:23:02 WindowsFolder = C:\windows
12-07-31 13:23:02 SourceFolder = C:\Windows\
12-07-31 13:23:02 DT selected
12-07-31 13:23:02 OSMode = Audit Mode
12-07-31 13:23:02 SetDisplayResolution is already installed
12-07-31 13:23:02 Timer is set
12-07-31 13:23:12 1 : 320 X 200
12-07-31 13:23:12 2 : 320 X 240
12-07-31 13:23:12 3 : 400 X 300
12-07-31 13:23:12 4 : 512 X 384
12-07-31 13:23:12 5 : 640 X 400
12-07-31 13:23:12 6 : 640 X 480
12-07-31 13:23:12 7 : 800 X 600
12-07-31 13:23:12 8 : 1024 X 768
12-07-31 13:23:12 GetCurRes:: 1024 X 768 and 32 bit
12-07-31 13:23:22 1 : 320 X 200
12-07-31 13:23:22 2 : 320 X 240
12-07-31 13:23:22 3 : 400 X 300
12-07-31 13:23:22 4 : 512 X 384
12-07-31 13:23:22 5 : 640 X 400
12-07-31 13:23:22 6 : 640 X 480
12-07-31 13:23:22 7 : 800 X 600
12-07-31 13:23:22 8 : 1024 X 768
12-07-31 13:23:22 GetCurRes:: 1024 X 768 and 32 bit
12-07-31 13:23:32 1 : 320 X 200
12-07-31 13:23:32 2 : 320 X 240
12-07-31 13:23:32 3 : 400 X 300
12-07-31 13:23:32 4 : 512 X 384
12-07-31 13:23:32 5 : 640 X 400
12-07-31 13:23:32 6 : 640 X 480
12-07-31 13:23:32 7 : 800 X 600
12-07-31 13:23:32 8 : 1024 X 768
12-07-31 13:23:32 GetCurRes:: 1024 X 768 and 32 bit
12-07-31 13:23:42 1 : 320 X 200
12-07-31 13:23:42 2 : 320 X 240
12-07-31 13:23:42 3 : 400 X 300
12-07-31 13:23:42 4 : 512 X 384
12-07-31 13:23:42 5 : 640 X 400
12-07-31 13:23:42 6 : 640 X 480
12-07-31 13:23:42 7 : 800 X 600
12-07-31 13:23:42 8 : 1024 X 768
12-07-31 13:23:42 GetCurRes:: 1024 X 768 and 32 bit
12-07-31 13:23:52 1 : 320 X 200
12-07-31 13:23:52 2 : 320 X 240
12-07-31 13:23:52 3 : 400 X 300
12-07-31 13:23:52 4 : 512 X 384
12-07-31 13:23:52 5 : 640 X 400
12-07-31 13:23:52 6 : 640 X 480
12-07-31 13:23:52 7 : 800 X 600
12-07-31 13:23:52 8 : 1024 X 768
12-07-31 13:23:52 GetCurRes:: 1024 X 768 and 32 bit
12-07-31 13:24:02 1 : 320 X 200
12-07-31 13:24:02 2 : 320 X 240
12-07-31 13:24:02 3 : 400 X 300
12-07-31 13:24:02 4 : 512 X 384
12-07-31 13:24:02 5 : 640 X 400
12-07-31 13:24:02 6 : 640 X 480
12-07-31 13:24:02 7 : 800 X 600
12-07-31 13:24:02 8 : 1024 X 768
12-07-31 13:24:02 GetCurRes:: 1024 X 768 and 32 bit
12-07-31 13:24:12 1 : 320 X 200
12-07-31 13:24:12 2 : 320 X 240
12-07-31 13:24:12 3 : 400 X 300
12-07-31 13:24:12 4 : 512 X 384
12-07-31 13:24:12 5 : 640 X 400
12-07-31 13:24:12 6 : 640 X 480
12-07-31 13:24:12 7 : 800 X 600
12-07-31 13:24:12 8 : 1024 X 768
12-07-31 13:24:12 GetCurRes:: 1024 X 768 and 32 bit
12-07-31 13:24:22 1 : 320 X 200
12-07-31 13:24:22 2 : 320 X 240
12-07-31 13:24:22 3 : 400 X 300
12-07-31 13:24:22 4 : 512 X 384
12-07-31 13:24:22 5 : 640 X 400
12-07-31 13:24:22 6 : 640 X 480
12-07-31 13:24:22 7 : 800 X 600
12-07-31 13:24:22 8 : 1024 X 768
12-07-31 13:24:22 GetCurRes:: 1024 X 768 and 32 bit
12-07-31 13:24:22 Timer is killed
12-07-31 15:58:17 === SetDisplayManager is starting. ====== 
12-07-31 15:58:17 WindowsFolder = C:\windows
12-07-31 15:58:17 SourceFolder = C:\Windows\
12-07-31 15:58:17 DT selected
12-07-31 15:58:17 OSMode = Audit Mode
12-07-31 15:58:17 SetDisplayResolution is already installed
12-07-31 15:58:17 Timer is set
12-07-31 15:58:27 1 : 1920 X 1440
12-07-31 15:58:27 Set From 0 X 0 and 0 bit to 1024 X 768 and 32 bit
12-07-31 15:58:28 Display Change Message is received (1024 X 768 X 32)
12-07-31 15:58:28 GetCurRes:: 1024 X 768 and 32 bit
12-07-31 15:58:37 1 : 1920 X 1440
12-07-31 15:58:37 GetCurRes:: 1024 X 768 and 32 bit
12-07-31 15:58:47 1 : 1920 X 1440
12-07-31 15:58:47 GetCurRes:: 1024 X 768 and 32 bit
12-07-31 15:58:57 1 : 1920 X 1440
12-07-31 15:58:57 GetCurRes:: 1024 X 768 and 32 bit
12-07-31 15:59:07 1 : 1920 X 1440
12-07-31 15:59:07 GetCurRes:: 1024 X 768 and 32 bit
12-07-31 15:59:17 1 : 1920 X 1440
12-07-31 15:59:17 GetCurRes:: 1024 X 768 and 32 bit
12-07-31 15:59:27 1 : 1920 X 1440
12-07-31 15:59:27 GetCurRes:: 1024 X 768 and 32 bit
12-07-31 15:59:47 === SetDisplayManager is starting. ====== 
12-07-31 15:59:47 WindowsFolder = C:\windows
12-07-31 15:59:47 SourceFolder = C:\Windows\
12-07-31 15:59:47 DT selected
12-07-31 15:59:47 OSMode = Audit Mode
12-07-31 15:59:47 SetDisplayResolution is already installed
12-07-31 15:59:47 Timer is set
12-07-31 15:59:57 1 : 320 X 200
12-07-31 15:59:57 2 : 320 X 240
12-07-31 15:59:57 3 : 400 X 300
12-07-31 15:59:57 4 : 512 X 384
12-07-31 15:59:57 5 : 640 X 400
12-07-31 15:59:57 6 : 640 X 480
12-07-31 15:59:57 7 : 800 X 600
12-07-31 15:59:57 8 : 1024 X 768
12-07-31 15:59:57 GetCurRes:: 1024 X 768 and 32 bit
12-07-31 16:00:07 1 : 320 X 200
12-07-31 16:00:07 2 : 320 X 240
12-07-31 16:00:07 3 : 400 X 300
12-07-31 16:00:07 4 : 512 X 384
12-07-31 16:00:07 5 : 640 X 400
12-07-31 16:00:07 6 : 640 X 480
12-07-31 16:00:07 7 : 800 X 600
12-07-31 16:00:07 8 : 1024 X 768
12-07-31 16:00:07 GetCurRes:: 1024 X 768 and 32 bit
12-07-31 16:00:17 1 : 320 X 200
12-07-31 16:00:17 2 : 320 X 240
12-07-31 16:00:17 3 : 400 X 300
12-07-31 16:00:17 4 : 512 X 384
12-07-31 16:00:17 5 : 640 X 400
12-07-31 16:00:17 6 : 640 X 480
12-07-31 16:00:17 7 : 800 X 600
12-07-31 16:00:17 8 : 1024 X 768
12-07-31 16:00:17 GetCurRes:: 1024 X 768 and 32 bit
12-07-31 16:00:27 1 : 320 X 200
12-07-31 16:00:27 2 : 320 X 240
12-07-31 16:00:27 3 : 400 X 300
12-07-31 16:00:27 4 : 512 X 384
12-07-31 16:00:27 5 : 640 X 400
12-07-31 16:00:27 6 : 640 X 480
12-07-31 16:00:27 7 : 800 X 600
12-07-31 16:00:27 8 : 1024 X 768
12-07-31 16:00:27 GetCurRes:: 1024 X 768 and 32 bit
12-07-31 16:02:38 === SetDisplayManager is starting. ====== 
12-07-31 16:02:38 WindowsFolder = C:\windows
12-07-31 16:02:38 SourceFolder = C:\Windows\
12-07-31 16:02:38 DT selected
12-07-31 16:02:38 OSMode = Audit Mode
12-07-31 16:02:38 SetDisplayResolution is already installed
12-07-31 16:02:38 Timer is set
12-07-31 16:02:48 1 : 320 X 200
12-07-31 16:02:48 2 : 320 X 240
12-07-31 16:02:48 3 : 400 X 300
12-07-31 16:02:48 4 : 512 X 384
12-07-31 16:02:48 5 : 640 X 400
12-07-31 16:02:48 6 : 640 X 480
12-07-31 16:02:48 7 : 800 X 600
12-07-31 16:02:48 8 : 1024 X 768
12-07-31 16:02:48 GetCurRes:: 1024 X 768 and 32 bit
12-07-31 16:02:58 1 : 320 X 200
12-07-31 16:02:58 2 : 320 X 240
12-07-31 16:02:58 3 : 400 X 300
12-07-31 16:02:58 4 : 512 X 384
12-07-31 16:02:58 5 : 640 X 400
12-07-31 16:02:58 6 : 640 X 480
12-07-31 16:02:58 7 : 800 X 600
12-07-31 16:02:58 8 : 1024 X 768
12-07-31 16:02:58 GetCurRes:: 1024 X 768 and 32 bit
12-07-31 16:03:08 1 : 320 X 200
12-07-31 16:03:08 2 : 320 X 240
12-07-31 16:03:08 3 : 400 X 300
12-07-31 16:03:08 4 : 512 X 384
12-07-31 16:03:08 5 : 640 X 400
12-07-31 16:03:08 6 : 640 X 480
12-07-31 16:03:08 7 : 800 X 600
12-07-31 16:03:08 8 : 1024 X 768
12-07-31 16:03:08 GetCurRes:: 1024 X 768 and 32 bit
12-07-31 16:03:18 1 : 320 X 200
12-07-31 16:03:18 2 : 320 X 240
12-07-31 16:03:18 3 : 400 X 300
12-07-31 16:03:18 4 : 512 X 384
12-07-31 16:03:18 5 : 640 X 400
12-07-31 16:03:18 6 : 640 X 480
12-07-31 16:03:18 7 : 800 X 600
12-07-31 16:03:18 8 : 1024 X 768
12-07-31 16:03:18 GetCurRes:: 1024 X 768 and 32 bit
12-07-31 16:03:28 1 : 320 X 200
12-07-31 16:03:28 2 : 320 X 240
12-07-31 16:03:28 3 : 400 X 300
12-07-31 16:03:28 4 : 512 X 384
12-07-31 16:03:28 5 : 640 X 400
12-07-31 16:03:28 6 : 640 X 480
12-07-31 16:03:28 7 : 800 X 600
12-07-31 16:03:28 8 : 1024 X 768
12-07-31 16:03:28 GetCurRes:: 1024 X 768 and 32 bit
12-07-31 16:03:55 === SetDisplayManager is starting. ====== 
12-07-31 16:03:55 WindowsFolder = C:\windows
12-07-31 16:03:55 SourceFolder = C:\Windows\
12-07-31 16:03:55 DT selected
12-07-31 16:03:55 OSMode = Audit Mode
12-07-31 16:03:55 SetDisplayResolution is already installed
12-07-31 16:03:55 Timer is set
12-07-31 16:04:05 1 : 320 X 200
12-07-31 16:04:05 2 : 320 X 240
12-07-31 16:04:05 3 : 400 X 300
12-07-31 16:04:05 4 : 512 X 384
12-07-31 16:04:05 5 : 640 X 400
12-07-31 16:04:05 6 : 640 X 480
12-07-31 16:04:05 7 : 800 X 600
12-07-31 16:04:05 8 : 1024 X 768
12-07-31 16:04:05 GetCurRes:: 1024 X 768 and 32 bit
12-07-31 16:04:15 1 : 320 X 200
12-07-31 16:04:15 2 : 320 X 240
12-07-31 16:04:15 3 : 400 X 300
12-07-31 16:04:15 4 : 512 X 384
12-07-31 16:04:15 5 : 640 X 400
12-07-31 16:04:15 6 : 640 X 480
12-07-31 16:04:15 7 : 800 X 600
12-07-31 16:04:15 8 : 1024 X 768
12-07-31 16:04:15 GetCurRes:: 1024 X 768 and 32 bit
12-07-31 16:04:25 1 : 320 X 200
12-07-31 16:04:25 2 : 320 X 240
12-07-31 16:04:25 3 : 400 X 300
12-07-31 16:04:25 4 : 512 X 384
12-07-31 16:04:25 5 : 640 X 400
12-07-31 16:04:25 6 : 640 X 480
12-07-31 16:04:25 7 : 800 X 600
12-07-31 16:04:25 8 : 1024 X 768
12-07-31 16:04:25 GetCurRes:: 1024 X 768 and 32 bit
12-07-31 16:04:35 1 : 320 X 200
12-07-31 16:04:35 2 : 320 X 240
12-07-31 16:04:35 3 : 400 X 300
12-07-31 16:04:35 4 : 512 X 384
12-07-31 16:04:35 5 : 640 X 400
12-07-31 16:04:35 6 : 640 X 480
12-07-31 16:04:35 7 : 800 X 600
12-07-31 16:04:35 8 : 1024 X 768
12-07-31 16:04:35 GetCurRes:: 1024 X 768 and 32 bit
12-07-31 16:04:45 1 : 320 X 200
12-07-31 16:04:45 2 : 320 X 240
12-07-31 16:04:45 3 : 400 X 300
12-07-31 16:04:45 4 : 512 X 384
12-07-31 16:04:45 5 : 640 X 400
12-07-31 16:04:45 6 : 640 X 480
12-07-31 16:04:45 7 : 800 X 600
12-07-31 16:04:45 8 : 1024 X 768
12-07-31 16:04:45 GetCurRes:: 1024 X 768 and 32 bit
12-07-31 16:04:55 1 : 320 X 200
12-07-31 16:04:55 2 : 320 X 240
12-07-31 16:04:55 3 : 400 X 300
12-07-31 16:04:55 4 : 512 X 384
12-07-31 16:04:55 5 : 640 X 400
12-07-31 16:04:55 6 : 640 X 480
12-07-31 16:04:55 7 : 800 X 600
12-07-31 16:04:55 8 : 1024 X 768
12-07-31 16:04:55 GetCurRes:: 1024 X 768 and 32 bit
12-07-31 16:05:05 1 : 320 X 200
12-07-31 16:05:05 2 : 320 X 240
12-07-31 16:05:05 3 : 400 X 300
12-07-31 16:05:05 4 : 512 X 384
12-07-31 16:05:05 5 : 640 X 400
12-07-31 16:05:05 6 : 640 X 480
12-07-31 16:05:05 7 : 800 X 600
12-07-31 16:05:05 8 : 1024 X 768
12-07-31 16:05:05 GetCurRes:: 1024 X 768 and 32 bit
12-07-31 16:06:58 === SetDisplayManager is starting. ====== 
12-07-31 16:06:58 WindowsFolder = C:\windows
12-07-31 16:06:58 SourceFolder = C:\Windows\
12-07-31 16:06:58 DT selected
12-07-31 16:06:58 OSMode = Audit Mode
12-07-31 16:06:58 SetDisplayResolution is already installed
12-07-31 16:06:58 Timer is set
12-07-31 16:07:08 1 : 1920 X 1440
12-07-31 16:07:08 GetCurRes:: 1024 X 768 and 32 bit
12-07-31 16:07:18 1 : 1920 X 1440
12-07-31 16:07:18 GetCurRes:: 1024 X 768 and 32 bit
12-07-31 16:07:28 1 : 1920 X 1440
12-07-31 16:07:28 GetCurRes:: 1024 X 768 and 32 bit
12-07-31 16:07:38 1 : 1920 X 1440
12-07-31 16:07:38 GetCurRes:: 1024 X 768 and 32 bit
12-07-31 16:07:48 1 : 1920 X 1440
12-07-31 16:07:48 GetCurRes:: 1024 X 768 and 32 bit
12-07-31 16:08:11 === SetDisplayManager is starting. ====== 
12-07-31 16:08:11 WindowsFolder = C:\windows
12-07-31 16:08:11 SourceFolder = C:\Windows\
12-07-31 16:08:11 DT selected
12-07-31 16:08:11 OSMode = Audit Mode
12-07-31 16:08:11 SetDisplayResolution is already installed
12-07-31 16:08:11 Timer is set
12-07-31 16:08:21 1 : 320 X 200
12-07-31 16:08:21 2 : 320 X 240
12-07-31 16:08:21 3 : 400 X 300
12-07-31 16:08:21 4 : 512 X 384
12-07-31 16:08:21 5 : 640 X 400
12-07-31 16:08:21 6 : 640 X 480
12-07-31 16:08:21 7 : 800 X 600
12-07-31 16:08:21 8 : 1024 X 768
12-07-31 16:08:21 GetCurRes:: 1024 X 768 and 32 bit
12-07-31 16:08:31 1 : 320 X 200
12-07-31 16:08:31 2 : 320 X 240
12-07-31 16:08:31 3 : 400 X 300
12-07-31 16:08:31 4 : 512 X 384
12-07-31 16:08:31 5 : 640 X 400
12-07-31 16:08:31 6 : 640 X 480
12-07-31 16:08:31 7 : 800 X 600
12-07-31 16:08:31 8 : 1024 X 768
12-07-31 16:08:31 GetCurRes:: 1024 X 768 and 32 bit
12-07-31 16:08:41 1 : 320 X 200
12-07-31 16:08:41 2 : 320 X 240
12-07-31 16:08:41 3 : 400 X 300
12-07-31 16:08:41 4 : 512 X 384
12-07-31 16:08:41 5 : 640 X 400
12-07-31 16:08:41 6 : 640 X 480
12-07-31 16:08:41 7 : 800 X 600
12-07-31 16:08:41 8 : 1024 X 768
12-07-31 16:08:41 GetCurRes:: 1024 X 768 and 32 bit
12-07-31 16:08:51 1 : 320 X 200
12-07-31 16:08:51 2 : 320 X 240
12-07-31 16:08:51 3 : 400 X 300
12-07-31 16:08:51 4 : 512 X 384
12-07-31 16:08:51 5 : 640 X 400
12-07-31 16:08:51 6 : 640 X 480
12-07-31 16:08:51 7 : 800 X 600
12-07-31 16:08:51 8 : 1024 X 768
12-07-31 16:08:51 GetCurRes:: 1024 X 768 and 32 bit
12-07-31 16:09:01 1 : 320 X 200
12-07-31 16:09:01 2 : 320 X 240
12-07-31 16:09:01 3 : 400 X 300
12-07-31 16:09:01 4 : 512 X 384
12-07-31 16:09:01 5 : 640 X 400
12-07-31 16:09:01 6 : 640 X 480
12-07-31 16:09:01 7 : 800 X 600
12-07-31 16:09:01 8 : 1024 X 768
12-07-31 16:09:01 GetCurRes:: 1024 X 768 and 32 bit
12-07-31 16:10:48 === SetDisplayManager is starting. ====== 
12-07-31 16:10:48 WindowsFolder = C:\windows
12-07-31 16:10:48 SourceFolder = C:\Windows\
12-07-31 16:10:48 DT selected
12-07-31 16:10:48 OSMode = Audit Mode
12-07-31 16:10:48 SetDisplayResolution is already installed
12-07-31 16:10:48 Timer is set
12-07-31 16:10:58 1 : 1920 X 1440
12-07-31 16:10:58 GetCurRes:: 1024 X 768 and 32 bit
12-07-31 16:11:08 1 : 1920 X 1440
12-07-31 16:11:08 GetCurRes:: 1024 X 768 and 32 bit
12-07-31 16:11:18 1 : 1920 X 1440
12-07-31 16:11:18 GetCurRes:: 1024 X 768 and 32 bit
12-07-31 16:11:28 1 : 1920 X 1440
12-07-31 16:11:28 GetCurRes:: 1024 X 768 and 32 bit
12-07-31 16:11:52 === SetDisplayManager is starting. ====== 
12-07-31 16:11:52 WindowsFolder = C:\windows
12-07-31 16:11:52 SourceFolder = C:\Windows\
12-07-31 16:11:52 DT selected
12-07-31 16:11:52 OSMode = Audit Mode
12-07-31 16:11:52 SetDisplayResolution is already installed
12-07-31 16:11:52 Timer is set
12-07-31 16:12:02 1 : 320 X 200
12-07-31 16:12:02 2 : 320 X 240
12-07-31 16:12:02 3 : 400 X 300
12-07-31 16:12:02 4 : 512 X 384
12-07-31 16:12:02 5 : 640 X 400
12-07-31 16:12:02 6 : 640 X 480
12-07-31 16:12:02 7 : 800 X 600
12-07-31 16:12:02 8 : 1024 X 768
12-07-31 16:12:02 GetCurRes:: 1024 X 768 and 32 bit
12-07-31 16:12:12 1 : 320 X 200
12-07-31 16:12:12 2 : 320 X 240
12-07-31 16:12:12 3 : 400 X 300
12-07-31 16:12:12 4 : 512 X 384
12-07-31 16:12:12 5 : 640 X 400
12-07-31 16:12:12 6 : 640 X 480
12-07-31 16:12:12 7 : 800 X 600
12-07-31 16:12:12 8 : 1024 X 768
12-07-31 16:12:12 GetCurRes:: 1024 X 768 and 32 bit
12-07-31 16:12:22 1 : 320 X 200
12-07-31 16:12:22 2 : 320 X 240
12-07-31 16:12:22 3 : 400 X 300
12-07-31 16:12:22 4 : 512 X 384
12-07-31 16:12:22 5 : 640 X 400
12-07-31 16:12:22 6 : 640 X 480
12-07-31 16:12:22 7 : 800 X 600
12-07-31 16:12:22 8 : 1024 X 768
12-07-31 16:12:22 GetCurRes:: 1024 X 768 and 32 bit
12-07-31 16:12:32 1 : 320 X 200
12-07-31 16:12:32 2 : 320 X 240
12-07-31 16:12:32 3 : 400 X 300
12-07-31 16:12:32 4 : 512 X 384
12-07-31 16:12:32 5 : 640 X 400
12-07-31 16:12:32 6 : 640 X 480
12-07-31 16:12:32 7 : 800 X 600
12-07-31 16:12:32 8 : 1024 X 768
12-07-31 16:12:32 GetCurRes:: 1024 X 768 and 32 bit
12-07-31 16:12:42 1 : 320 X 200
12-07-31 16:12:42 2 : 320 X 240
12-07-31 16:12:42 3 : 400 X 300
12-07-31 16:12:42 4 : 512 X 384
12-07-31 16:12:42 5 : 640 X 400
12-07-31 16:12:42 6 : 640 X 480
12-07-31 16:12:42 7 : 800 X 600
12-07-31 16:12:42 8 : 1024 X 768
12-07-31 16:12:42 GetCurRes:: 1024 X 768 and 32 bit
12-07-31 16:12:52 1 : 320 X 200
12-07-31 16:12:52 2 : 320 X 240
12-07-31 16:12:52 3 : 400 X 300
12-07-31 16:12:52 4 : 512 X 384
12-07-31 16:12:52 5 : 640 X 400
12-07-31 16:12:52 6 : 640 X 480
12-07-31 16:12:52 7 : 800 X 600
12-07-31 16:12:52 8 : 1024 X 768
12-07-31 16:12:52 GetCurRes:: 1024 X 768 and 32 bit
12-07-31 16:14:13 === SetDisplayManager is starting. ====== 
12-07-31 16:14:13 WindowsFolder = C:\windows
12-07-31 16:14:13 SourceFolder = C:\Windows\
12-07-31 16:14:13 DT selected
12-07-31 16:14:13 OSMode = Audit Mode
12-07-31 16:14:13 SetDisplayResolution is already installed
12-07-31 16:14:13 Timer is set
12-07-31 16:14:23 1 : 320 X 200
12-07-31 16:14:23 2 : 320 X 240
12-07-31 16:14:23 3 : 400 X 300
12-07-31 16:14:23 4 : 512 X 384
12-07-31 16:14:23 5 : 640 X 400
12-07-31 16:14:23 6 : 640 X 480
12-07-31 16:14:23 7 : 800 X 600
12-07-31 16:14:23 8 : 1024 X 768
12-07-31 16:14:23 GetCurRes:: 1024 X 768 and 32 bit
12-07-31 16:14:33 1 : 320 X 200
12-07-31 16:14:33 2 : 320 X 240
12-07-31 16:14:33 3 : 400 X 300
12-07-31 16:14:33 4 : 512 X 384
12-07-31 16:14:33 5 : 640 X 400
12-07-31 16:14:33 6 : 640 X 480
12-07-31 16:14:33 7 : 800 X 600
12-07-31 16:14:33 8 : 1024 X 768
12-07-31 16:14:33 GetCurRes:: 1024 X 768 and 32 bit
12-07-31 16:14:43 1 : 320 X 200
12-07-31 16:14:43 2 : 320 X 240
12-07-31 16:14:43 3 : 400 X 300
12-07-31 16:14:43 4 : 512 X 384
12-07-31 16:14:43 5 : 640 X 400
12-07-31 16:14:43 6 : 640 X 480
12-07-31 16:14:43 7 : 800 X 600
12-07-31 16:14:43 8 : 1024 X 768
12-07-31 16:14:43 GetCurRes:: 1024 X 768 and 32 bit
12-07-31 16:14:53 1 : 320 X 200
12-07-31 16:14:53 2 : 320 X 240
12-07-31 16:14:53 3 : 400 X 300
12-07-31 16:14:53 4 : 512 X 384
12-07-31 16:14:53 5 : 640 X 400
12-07-31 16:14:53 6 : 640 X 480
12-07-31 16:14:53 7 : 800 X 600
12-07-31 16:14:53 8 : 1024 X 768
12-07-31 16:14:53 GetCurRes:: 1024 X 768 and 32 bit
12-07-31 16:15:03 1 : 320 X 200
12-07-31 16:15:03 2 : 320 X 240
12-07-31 16:15:03 3 : 400 X 300
12-07-31 16:15:03 4 : 512 X 384
12-07-31 16:15:03 5 : 640 X 400
12-07-31 16:15:03 6 : 640 X 480
12-07-31 16:15:03 7 : 800 X 600
12-07-31 16:15:03 8 : 1024 X 768
12-07-31 16:15:03 GetCurRes:: 1024 X 768 and 32 bit
12-07-31 16:15:13 1 : 320 X 200
12-07-31 16:15:13 2 : 320 X 240
12-07-31 16:15:13 3 : 400 X 300
12-07-31 16:15:13 4 : 512 X 384
12-07-31 16:15:13 5 : 640 X 400
12-07-31 16:15:13 6 : 640 X 480
12-07-31 16:15:13 7 : 800 X 600
12-07-31 16:15:13 8 : 1024 X 768
12-07-31 16:15:13 GetCurRes:: 1024 X 768 and 32 bit
12-07-31 16:15:23 1 : 320 X 200
12-07-31 16:15:23 2 : 320 X 240
12-07-31 16:15:23 3 : 400 X 300
12-07-31 16:15:23 4 : 512 X 384
12-07-31 16:15:23 5 : 640 X 400
12-07-31 16:15:23 6 : 640 X 480
12-07-31 16:15:23 7 : 800 X 600
12-07-31 16:15:23 8 : 1024 X 768
12-07-31 16:15:23 GetCurRes:: 1024 X 768 and 32 bit
12-07-31 16:15:33 1 : 320 X 200
12-07-31 16:15:33 2 : 320 X 240
12-07-31 16:15:33 3 : 400 X 300
12-07-31 16:15:33 4 : 512 X 384
12-07-31 16:15:33 5 : 640 X 400
12-07-31 16:15:33 6 : 640 X 480
12-07-31 16:15:33 7 : 800 X 600
12-07-31 16:15:33 8 : 1024 X 768
12-07-31 16:15:33 GetCurRes:: 1024 X 768 and 32 bit
12-07-31 16:15:33 Timer is killed
12-07-31 16:36:54 === SetDisplayManager is starting. ====== 
12-07-31 16:36:54 WindowsFolder = C:\windows
12-07-31 16:36:54 SourceFolder = C:\Windows\
12-07-31 16:36:54 DT selected
12-07-31 16:36:54 OSMode = Audit Mode
12-07-31 16:36:54 SetDisplayResolution is already installed
12-07-31 16:36:54 Timer is set
12-07-31 16:37:04 1 : 320 X 200
12-07-31 16:37:04 2 : 320 X 240
12-07-31 16:37:04 3 : 400 X 300
12-07-31 16:37:04 4 : 512 X 384
12-07-31 16:37:04 5 : 640 X 400
12-07-31 16:37:04 6 : 640 X 480
12-07-31 16:37:04 7 : 800 X 600
12-07-31 16:37:04 8 : 1024 X 768
12-07-31 16:37:04 GetCurRes:: 1024 X 768 and 32 bit
12-07-31 16:37:14 1 : 320 X 200
12-07-31 16:37:14 2 : 320 X 240
12-07-31 16:37:14 3 : 400 X 300
12-07-31 16:37:14 4 : 512 X 384
12-07-31 16:37:14 5 : 640 X 400
12-07-31 16:37:14 6 : 640 X 480
12-07-31 16:37:14 7 : 800 X 600
12-07-31 16:37:14 8 : 1024 X 768
12-07-31 16:37:14 GetCurRes:: 1024 X 768 and 32 bit
12-07-31 16:37:24 1 : 320 X 200
12-07-31 16:37:24 2 : 320 X 240
12-07-31 16:37:24 3 : 400 X 300
12-07-31 16:37:24 4 : 512 X 384
12-07-31 16:37:24 5 : 640 X 400
12-07-31 16:37:24 6 : 640 X 480
12-07-31 16:37:24 7 : 800 X 600
12-07-31 16:37:24 8 : 1024 X 768
12-07-31 16:37:24 GetCurRes:: 1024 X 768 and 32 bit
12-07-31 16:37:34 1 : 320 X 200
12-07-31 16:37:34 2 : 320 X 240
12-07-31 16:37:34 3 : 400 X 300
12-07-31 16:37:34 4 : 512 X 384
12-07-31 16:37:34 5 : 640 X 400
12-07-31 16:37:34 6 : 640 X 480
12-07-31 16:37:34 7 : 800 X 600
12-07-31 16:37:34 8 : 1024 X 768
12-07-31 16:37:34 GetCurRes:: 1024 X 768 and 32 bit
12-07-31 16:37:44 1 : 320 X 200
12-07-31 16:37:44 2 : 320 X 240
12-07-31 16:37:44 3 : 400 X 300
12-07-31 16:37:44 4 : 512 X 384
12-07-31 16:37:44 5 : 640 X 400
12-07-31 16:37:44 6 : 640 X 480
12-07-31 16:37:44 7 : 800 X 600
12-07-31 16:37:44 8 : 1024 X 768
12-07-31 16:37:44 GetCurRes:: 1024 X 768 and 32 bit
12-07-31 16:37:54 1 : 320 X 200
12-07-31 16:37:54 2 : 320 X 240
12-07-31 16:37:54 3 : 400 X 300
12-07-31 16:37:54 4 : 512 X 384
12-07-31 16:37:54 5 : 640 X 400
12-07-31 16:37:54 6 : 640 X 480
12-07-31 16:37:54 7 : 800 X 600
12-07-31 16:37:54 8 : 1024 X 768
12-07-31 16:37:54 GetCurRes:: 1024 X 768 and 32 bit
12-07-31 16:38:04 1 : 320 X 200
12-07-31 16:38:04 2 : 320 X 240
12-07-31 16:38:04 3 : 400 X 300
12-07-31 16:38:04 4 : 512 X 384
12-07-31 16:38:04 5 : 640 X 400
12-07-31 16:38:04 6 : 640 X 480
12-07-31 16:38:04 7 : 800 X 600
12-07-31 16:38:04 8 : 1024 X 768
12-07-31 16:38:04 GetCurRes:: 1024 X 768 and 32 bit
12-07-31 16:38:14 1 : 320 X 200
12-07-31 16:38:14 2 : 320 X 240
12-07-31 16:38:14 3 : 400 X 300
12-07-31 16:38:14 4 : 512 X 384
12-07-31 16:38:14 5 : 640 X 400
12-07-31 16:38:14 6 : 640 X 480
12-07-31 16:38:14 7 : 800 X 600
12-07-31 16:38:14 8 : 1024 X 768
12-07-31 16:38:14 GetCurRes:: 1024 X 768 and 32 bit
12-07-31 16:38:14 Timer is killed
12-07-31 16:47:27 === SetDisplayManager is starting. ====== 
12-07-31 16:47:27 WindowsFolder = C:\windows
12-07-31 16:47:27 SourceFolder = C:\Windows\
12-07-31 16:47:27 DT selected
12-07-31 16:47:27 OSMode = Audit Mode
12-07-31 16:47:27 SetDisplayResolution is already installed
12-07-31 16:47:27 Timer is set
12-07-31 16:47:37 1 : 320 X 200
12-07-31 16:47:37 2 : 320 X 240
12-07-31 16:47:37 3 : 400 X 300
12-07-31 16:47:37 4 : 512 X 384
12-07-31 16:47:37 5 : 640 X 400
12-07-31 16:47:37 6 : 640 X 480
12-07-31 16:47:37 7 : 800 X 600
12-07-31 16:47:37 8 : 1024 X 768
12-07-31 16:47:37 GetCurRes:: 1024 X 768 and 32 bit
12-07-31 16:47:47 1 : 320 X 200
12-07-31 16:47:47 2 : 320 X 240
12-07-31 16:47:47 3 : 400 X 300
12-07-31 16:47:47 4 : 512 X 384
12-07-31 16:47:47 5 : 640 X 400
12-07-31 16:47:47 6 : 640 X 480
12-07-31 16:47:47 7 : 800 X 600
12-07-31 16:47:47 8 : 1024 X 768
12-07-31 16:47:47 GetCurRes:: 1024 X 768 and 32 bit
12-07-31 16:47:57 1 : 320 X 200
12-07-31 16:47:57 2 : 320 X 240
12-07-31 16:47:57 3 : 400 X 300
12-07-31 16:47:57 4 : 512 X 384
12-07-31 16:47:57 5 : 640 X 400
12-07-31 16:47:57 6 : 640 X 480
12-07-31 16:47:57 7 : 800 X 600
12-07-31 16:47:57 8 : 1024 X 768
12-07-31 16:47:57 GetCurRes:: 1024 X 768 and 32 bit
12-07-31 16:48:07 1 : 320 X 200
12-07-31 16:48:07 2 : 320 X 240
12-07-31 16:48:07 3 : 400 X 300
12-07-31 16:48:07 4 : 512 X 384
12-07-31 16:48:07 5 : 640 X 400
12-07-31 16:48:07 6 : 640 X 480
12-07-31 16:48:07 7 : 800 X 600
12-07-31 16:48:07 8 : 1024 X 768
12-07-31 16:48:07 GetCurRes:: 1024 X 768 and 32 bit
12-07-31 16:48:17 1 : 320 X 200
12-07-31 16:48:17 2 : 320 X 240
12-07-31 16:48:17 3 : 400 X 300
12-07-31 16:48:17 4 : 512 X 384
12-07-31 16:48:17 5 : 640 X 400
12-07-31 16:48:17 6 : 640 X 480
12-07-31 16:48:17 7 : 800 X 600
12-07-31 16:48:17 8 : 1024 X 768
12-07-31 16:48:17 GetCurRes:: 1024 X 768 and 32 bit
12-07-31 16:48:27 1 : 320 X 200
12-07-31 16:48:27 2 : 320 X 240
12-07-31 16:48:27 3 : 400 X 300
12-07-31 16:48:27 4 : 512 X 384
12-07-31 16:48:27 5 : 640 X 400
12-07-31 16:48:27 6 : 640 X 480
12-07-31 16:48:27 7 : 800 X 600
12-07-31 16:48:27 8 : 1024 X 768
12-07-31 16:48:27 GetCurRes:: 1024 X 768 and 32 bit
12-07-31 16:48:37 1 : 320 X 200
12-07-31 16:48:37 2 : 320 X 240
12-07-31 16:48:37 3 : 400 X 300
12-07-31 16:48:37 4 : 512 X 384
12-07-31 16:48:37 5 : 640 X 400
12-07-31 16:48:37 6 : 640 X 480
12-07-31 16:48:37 7 : 800 X 600
12-07-31 16:48:37 8 : 1024 X 768
12-07-31 16:48:37 GetCurRes:: 1024 X 768 and 32 bit
12-07-31 16:48:47 1 : 320 X 200
12-07-31 16:48:47 2 : 320 X 240
12-07-31 16:48:47 3 : 400 X 300
12-07-31 16:48:47 4 : 512 X 384
12-07-31 16:48:47 5 : 640 X 400
12-07-31 16:48:47 6 : 640 X 480
12-07-31 16:48:47 7 : 800 X 600
12-07-31 16:48:47 8 : 1024 X 768
12-07-31 16:48:47 GetCurRes:: 1024 X 768 and 32 bit
12-07-31 16:48:47 Timer is killed
16-03-18 17:39:36 === SetDisplayManager is starting. ====== 
16-03-18 17:39:37 WindowsFolder = C:\windows
16-03-18 17:39:37 SourceFolder = C:\Windows\
16-03-18 17:39:37 DT selected
16-03-18 17:39:37 OSMode = User Mode
16-03-18 17:39:37 SetDisplayResolution is already installed
16-03-18 17:39:50 Uninstall SetDisplayResolution
16-03-18 17:39:50 Timer is set
16-03-18 17:40:00 1 : 320 X 200
16-03-18 17:40:00 2 : 320 X 240
16-03-18 17:40:00 3 : 400 X 300
16-03-18 17:40:00 4 : 512 X 384
16-03-18 17:40:00 5 : 640 X 400
16-03-18 17:40:00 6 : 640 X 480
16-03-18 17:40:00 7 : 800 X 600
16-03-18 17:40:00 8 : 1024 X 768
16-03-18 17:40:00 9 : 1152 X 864
16-03-18 17:40:00 10 : 1280 X 960
16-03-18 17:40:00 11 : 1280 X 1024
16-03-18 17:40:00 12 : 1400 X 1050
16-03-18 17:40:00 13 : 1600 X 1200
16-03-18 17:40:00 Set From 1920 X 1080 and 32 bit to 1024 X 768 and 32 bit
16-03-18 17:40:00 GetCurRes:: 1920 X 1080 and 32 bit
16-03-18 17:40:10 1 : 320 X 200
16-03-18 17:40:10 2 : 320 X 240
16-03-18 17:40:10 3 : 400 X 300
16-03-18 17:40:10 4 : 512 X 384
16-03-18 17:40:10 5 : 640 X 400
16-03-18 17:40:10 6 : 640 X 480
16-03-18 17:40:10 7 : 800 X 600
16-03-18 17:40:10 8 : 1024 X 768
16-03-18 17:40:10 9 : 1152 X 864
16-03-18 17:40:10 10 : 1280 X 960
16-03-18 17:40:10 11 : 1280 X 1024
16-03-18 17:40:10 12 : 1400 X 1050
16-03-18 17:40:10 13 : 1600 X 1200
16-03-18 17:40:10 Set From 1920 X 1080 and 32 bit to 1024 X 768 and 32 bit
16-03-18 17:40:10 GetCurRes:: 1920 X 1080 and 32 bit
16-03-18 17:40:20 1 : 320 X 200
16-03-18 17:40:20 2 : 320 X 240
16-03-18 17:40:20 3 : 400 X 300
16-03-18 17:40:20 4 : 512 X 384
16-03-18 17:40:20 5 : 640 X 400
16-03-18 17:40:20 6 : 640 X 480
16-03-18 17:40:20 7 : 800 X 600
16-03-18 17:40:20 8 : 1024 X 768
16-03-18 17:40:20 9 : 1152 X 864
16-03-18 17:40:20 10 : 1280 X 960
16-03-18 17:40:20 11 : 1280 X 1024
16-03-18 17:40:20 12 : 1400 X 1050
16-03-18 17:40:20 13 : 1600 X 1200
16-03-18 17:40:20 Set From 1920 X 1080 and 32 bit to 1024 X 768 and 32 bit
16-03-18 17:40:20 GetCurRes:: 1920 X 1080 and 32 bit
16-03-18 17:40:30 1 : 320 X 200
16-03-18 17:40:30 2 : 320 X 240
16-03-18 17:40:30 3 : 400 X 300
16-03-18 17:40:30 4 : 512 X 384
16-03-18 17:40:30 5 : 640 X 400
16-03-18 17:40:30 6 : 640 X 480
16-03-18 17:40:30 7 : 800 X 600
16-03-18 17:40:30 8 : 1024 X 768
16-03-18 17:40:30 9 : 1152 X 864
16-03-18 17:40:30 10 : 1280 X 960
16-03-18 17:40:30 11 : 1280 X 1024
16-03-18 17:40:30 12 : 1400 X 1050
16-03-18 17:40:30 13 : 1600 X 1200
16-03-18 17:40:30 Set From 1920 X 1080 and 32 bit to 1024 X 768 and 32 bit
16-03-18 17:40:30 GetCurRes:: 1920 X 1080 and 32 bit
16-03-18 17:40:40 1 : 320 X 200
16-03-18 17:40:40 2 : 320 X 240
16-03-18 17:40:40 3 : 400 X 300
16-03-18 17:40:40 4 : 512 X 384
16-03-18 17:40:40 5 : 640 X 400
16-03-18 17:40:40 6 : 640 X 480
16-03-18 17:40:40 7 : 800 X 600
16-03-18 17:40:40 8 : 1024 X 768
16-03-18 17:40:40 9 : 1152 X 864
16-03-18 17:40:40 10 : 1280 X 960
16-03-18 17:40:40 11 : 1280 X 1024
16-03-18 17:40:40 12 : 1400 X 1050
16-03-18 17:40:40 13 : 1600 X 1200
16-03-18 17:40:40 Set From 1920 X 1080 and 32 bit to 1024 X 768 and 32 bit
16-03-18 17:40:40 GetCurRes:: 1920 X 1080 and 32 bit
16-03-18 17:40:50 1 : 320 X 200
16-03-18 17:40:50 2 : 320 X 240
16-03-18 17:40:50 3 : 400 X 300
16-03-18 17:40:50 4 : 512 X 384
16-03-18 17:40:50 5 : 640 X 400
16-03-18 17:40:50 6 : 640 X 480
16-03-18 17:40:50 7 : 800 X 600
16-03-18 17:40:50 8 : 1024 X 768
16-03-18 17:40:50 9 : 1152 X 864
16-03-18 17:40:50 10 : 1280 X 960
16-03-18 17:40:50 11 : 1280 X 1024
16-03-18 17:40:50 12 : 1400 X 1050
16-03-18 17:40:50 13 : 1600 X 1200
16-03-18 17:40:50 Set From 1920 X 1080 and 32 bit to 1024 X 768 and 32 bit
16-03-18 17:40:50 Display Change Message is received (1024 X 768 X 32)
16-03-18 17:40:50 GetCurRes:: 1024 X 768 and 32 bit
16-03-18 17:41:00 1 : 320 X 200
16-03-18 17:41:00 2 : 320 X 240
16-03-18 17:41:00 3 : 400 X 300
16-03-18 17:41:00 4 : 512 X 384
16-03-18 17:41:00 5 : 640 X 400
16-03-18 17:41:00 6 : 640 X 480
16-03-18 17:41:00 7 : 800 X 600
16-03-18 17:41:00 8 : 1024 X 768
16-03-18 17:41:00 9 : 1152 X 864
16-03-18 17:41:00 10 : 1280 X 960
16-03-18 17:41:00 11 : 1280 X 1024
16-03-18 17:41:00 12 : 1400 X 1050
16-03-18 17:41:00 13 : 1600 X 1200
16-03-18 17:41:00 GetCurRes:: 1024 X 768 and 32 bit
16-03-18 17:41:10 1 : 320 X 200
16-03-18 17:41:10 2 : 320 X 240
16-03-18 17:41:10 3 : 400 X 300
16-03-18 17:41:10 4 : 512 X 384
16-03-18 17:41:10 5 : 640 X 400
16-03-18 17:41:10 6 : 640 X 480
16-03-18 17:41:10 7 : 800 X 600
16-03-18 17:41:10 8 : 1024 X 768
16-03-18 17:41:10 9 : 1152 X 864
16-03-18 17:41:10 10 : 1280 X 960
16-03-18 17:41:10 11 : 1280 X 1024
16-03-18 17:41:10 12 : 1400 X 1050
16-03-18 17:41:10 13 : 1600 X 1200
16-03-18 17:41:10 GetCurRes:: 1024 X 768 and 32 bit
16-03-18 17:41:10 Timer is killed
16-03-18 17:41:53 Display Change Message is received (1920 X 1080 X 32)
