

*******Initializing Message Log:TSSysprep.dll 02/11/11 11:59:16
*******Version:Major=6, Minor=1, Build=7601, PlatForm=2, CSDVer=Service Pack 1, Free

sysprep.cpp(309)Entering RCMSysPrepRestore
sysprep.cpp(314)ERROR: ResetTSPublicPrivateKeys() FAILED: 2
sysprep.cpp(316)Leaving RCMSysPrepRestore
logmsg.cpp(38)********Terminating Log.


*******Initializing Message Log:TSSysprep.dll 02/11/11 11:59:16
*******Version:Major=6, Minor=1, Build=7601, PlatForm=2, CSDVer=Service Pack 1, Free

sysprep.cpp(283)Entering LSMSysPrepRestore
sysprep.cpp(511)WARNING: RestoreTSCustomSercurity - NameSIDList.LoadAndDelete FAILED.
sysprep.cpp(512)If no Names/SIDs were saved during LSMSysPrepBackup, this is NOT an error. Otherwise, it IS an error, saved names and SIDs were NOT restored.
sysprep.cpp(513)Please verify that no Names/SIDs were saved during backup
sysprep.cpp(288)WARNING: RestoreTSCustomSercurity() FAILED: 2. To see if this is an error, please see message(s) above.
sysprep.cpp(291)Leaving LSMSysPrepRestore
logmsg.cpp(38)********Terminating Log.


*******Initializing Message Log:TSSysprep.dll 02/11/11 11:59:16
*******Version:Major=6, Minor=1, Build=7601, PlatForm=2, CSDVer=Service Pack 1, Free

sysprep.cpp(330)Entering RdpSysPrepRestore
sysprep.cpp(358)Leaving RdpSysPrepRestore
logmsg.cpp(38)********Terminating Log.


*******Initializing Message Log:TSSysprep.dll 02/11/11 12:06:11
*******Version:Major=6, Minor=1, Build=7601, PlatForm=2, CSDVer=Service Pack 1, Free

sysprep.cpp(247)Entering LSMSysPrepBackup
sysprep.cpp(451)WARNING: BackupTSCustomSercurity - NameSIDList.Save FAILED. If there are no Names/SIDs to save, this is NOT an error. Otherwise, it IS an error, names and SIDs not backed up.
sysprep.cpp(252)WARNING: BackupTSCustomSercurity() FAILED: 2, To see if this is an error, please see message above.
sysprep.cpp(264)WARNING: Deleting Lanatable key FAILED: 2
sysprep.cpp(267)LSMSysPrepBackup completed
logmsg.cpp(38)********Terminating Log.


*******Initializing Message Log:TSSysprep.dll 02/11/11 12:06:11
*******Version:Major=6, Minor=1, Build=7601, PlatForm=2, CSDVer=Service Pack 1, Free

sysprep.cpp(372)Entering RdpSysPrepGeneralize
sysprep.cpp(381)Leaving RdpSysPrepGeneralize
logmsg.cpp(38)********Terminating Log.


*******Initializing Message Log:TSSysprep.dll 07/31/12 12:44:38
*******Version:Major=6, Minor=1, Build=7601, PlatForm=2, CSDVer=Service Pack 1, Free

sysprep.cpp(309)Entering RCMSysPrepRestore
sysprep.cpp(314)ERROR: ResetTSPublicPrivateKeys() FAILED: 2
sysprep.cpp(316)Leaving RCMSysPrepRestore
logmsg.cpp(38)********Terminating Log.


*******Initializing Message Log:TSSysprep.dll 07/31/12 12:44:38
*******Version:Major=6, Minor=1, Build=7601, PlatForm=2, CSDVer=Service Pack 1, Free

sysprep.cpp(283)Entering LSMSysPrepRestore
sysprep.cpp(511)WARNING: RestoreTSCustomSercurity - NameSIDList.LoadAndDelete FAILED.
sysprep.cpp(512)If no Names/SIDs were saved during LSMSysPrepBackup, this is NOT an error. Otherwise, it IS an error, saved names and SIDs were NOT restored.
sysprep.cpp(513)Please verify that no Names/SIDs were saved during backup
sysprep.cpp(288)WARNING: RestoreTSCustomSercurity() FAILED: 2. To see if this is an error, please see message(s) above.
sysprep.cpp(291)Leaving LSMSysPrepRestore
logmsg.cpp(38)********Terminating Log.


*******Initializing Message Log:TSSysprep.dll 07/31/12 12:44:38
*******Version:Major=6, Minor=1, Build=7601, PlatForm=2, CSDVer=Service Pack 1, Free

sysprep.cpp(330)Entering RdpSysPrepRestore
sysprep.cpp(358)Leaving RdpSysPrepRestore
logmsg.cpp(38)********Terminating Log.
